[02:41:15] [User Authenticator #28/INFO]: UUID of player .NerperJr is 00000000-0000-0000-0009-01f10a6574ab
[02:41:15] [Server thread/INFO]: .NerperJr joined the game
[02:41:15] [Server thread/INFO]: .NerperJr[/180.150.9.48:56432] logged in with entity id 61 at ([world]-1522.5613, 111.0, 683.65216)
[02:41:36] [Server thread/INFO]: .NerperJr lost connection: Disconnected
[02:41:36] [Server thread/INFO]: .NerperJr left the game
[07:50:20] [User Authenticator #29/INFO]: UUID of player Gspt is 4fc9c03d-49f3-4dc9-9b0f-111ea5a7fa75
[07:50:20] [Server thread/INFO]: Gspt joined the game
[07:50:20] [Server thread/INFO]: Gspt[/119.18.1.175:57940] logged in with entity id 62 at ([world]-1522.0995597524943, 108.0, 716.6999999880791)
[07:50:21] [Netty Epoll Server IO #1/WARN]: [ViaBackwards] Ignoring plugin channel in incoming REGISTER: FML
[07:50:21] [Netty Epoll Server IO #1/WARN]: [ViaBackwards] Ignoring plugin channel in incoming REGISTER: slabmachines
[07:50:21] [Netty Epoll Server IO #1/WARN]: [ViaBackwards] Ignoring plugin channel in incoming REGISTER: cyclopscore
[07:50:21] [Netty Epoll Server IO #1/WARN]: [ViaBackwards] Ignoring plugin channel in incoming REGISTER: BiblioTypeFlag
[07:50:21] [Netty Epoll Server IO #1/WARN]: [ViaBackwards] Ignoring plugin channel in incoming REGISTER: slimyboyos
[07:50:21] [Netty Epoll Server IO #1/WARN]: [ViaBackwards] Ignoring plugin channel in incoming REGISTER: ForgeMicroblock
[07:50:21] [Netty Epoll Server IO #1/WARN]: [ViaBackwards] Ignoring plugin channel in incoming REGISTER: bdew.multiblock
[07:50:21] [Netty Epoll Server IO #1/WARN]: [ViaBackwards] Ignoring plugin channel in incoming REGISTER: extendedcrafting
[07:50:21] [Netty Epoll Server IO #1/WARN]: [ViaBackwards] Ignoring plugin channel in incoming REGISTER: PortalGun
[07:50:21] [Netty Epoll Server IO #1/WARN]: [ViaBackwards] Ignoring plugin channel in incoming REGISTER: BiblioDeskOpenGUI
[07:50:21] [Netty Epoll Server IO #1/WARN]: [ViaBackwards] Ignoring plugin channel in incoming REGISTER: chineseworkshop
[07:50:21] [Netty Epoll Server IO #1/WARN]: [ViaBackwards] Ignoring plugin channel in incoming REGISTER: contenttweaker
[07:50:21] [Netty Epoll Server IO #1/WARN]: [ViaBackwards] Ignoring plugin channel in incoming REGISTER: projecte
[07:50:21] [Netty Epoll Server IO #1/WARN]: [ViaBackwards] Ignoring plugin channel in incoming REGISTER: GuideAPI
[07:50:21] [Netty Epoll Server IO #1/WARN]: [ViaBackwards] Ignoring plugin channel in incoming REGISTER: findme
[07:50:21] [Netty Epoll Server IO #1/WARN]: [ViaBackwards] Ignoring plugin channel in incoming REGISTER: Mystcraft
[07:50:21] [Netty Epoll Server IO #1/WARN]: [ViaBackwards] Ignoring plugin channel in incoming REGISTER: ironjetpacks
[07:50:21] [Netty Epoll Server IO #1/WARN]: [ViaBackwards] Ignoring plugin channel in incoming REGISTER: genmpbasic
[07:50:21] [Netty Epoll Server IO #1/WARN]: [ViaBackwards] Ignoring plugin channel in incoming REGISTER: xnet
[07:50:21] [Netty Epoll Server IO #1/WARN]: [ViaBackwards] Ignoring plugin channel in incoming REGISTER: BiblioAtlas
[07:50:21] [Netty Epoll Server IO #1/WARN]: [ViaBackwards] Ignoring plugin channel in incoming REGISTER: cookingforblockheads
[07:50:21] [Netty Epoll Server IO #1/WARN]: [ViaBackwards] Ignoring plugin channel in incoming REGISTER: BiblioRecipeCraft
[07:50:21] [Netty Epoll Server IO #1/WARN]: [ViaBackwards] Ignoring plugin channel in incoming REGISTER: culinaryconstruct
[07:50:21] [Netty Epoll Server IO #1/WARN]: [ViaBackwards] Ignoring plugin channel in incoming REGISTER: Astral Sorcery
[07:50:21] [Netty Epoll Server IO #1/WARN]: [ViaBackwards] Ignoring plugin channel in incoming REGISTER: BiblioRBook
[07:50:21] [Netty Epoll Server IO #1/WARN]: [ViaBackwards] Ignoring plugin channel in incoming REGISTER: BiblioTypeUpdate
[07:50:21] [Netty Epoll Server IO #1/WARN]: [ViaBackwards] Ignoring plugin channel in incoming REGISTER: OpenComputers
[07:50:21] [Netty Epoll Server IO #1/WARN]: [ViaBackwards] Ignoring plugin channel in incoming REGISTER: buildinggadgets
[07:50:21] [Netty Epoll Server IO #1/WARN]: [ViaBackwards] Ignoring plugin channel in incoming REGISTER: BiblioClipboard
[07:50:21] [Netty Epoll Server IO #1/WARN]: [ViaBackwards] Ignoring plugin channel in incoming REGISTER: apotheosis
[07:50:21] [Netty Epoll Server IO #1/WARN]: [ViaBackwards] Ignoring plugin channel in incoming REGISTER: darkutils
[07:50:21] [Netty Epoll Server IO #1/WARN]: [ViaBackwards] Ignoring plugin channel in incoming REGISTER: mcmultipart_cbe
[07:50:21] [Netty Epoll Server IO #1/WARN]: [ViaBackwards] Ignoring plugin channel in incoming REGISTER: waila
[07:50:21] [Netty Epoll Server IO #1/WARN]: [ViaBackwards] Ignoring plugin channel in incoming REGISTER: sqpatch
[07:50:21] [Netty Epoll Server IO #1/WARN]: [ViaBackwards] Ignoring plugin channel in incoming REGISTER: mcmultipart
[07:50:21] [Netty Epoll Server IO #1/WARN]: [ViaBackwards] Ignoring plugin channel in incoming REGISTER: mcjtylib_ng
[07:50:21] [Netty Epoll Server IO #1/WARN]: [ViaBackwards] Ignoring plugin channel in incoming REGISTER: limitlessstructureblocks
[07:50:21] [Netty Epoll Server IO #1/WARN]: [ViaBackwards] Ignoring plugin channel in incoming REGISTER: malisisdoors
[07:50:21] [Netty Epoll Server IO #1/WARN]: [ViaBackwards] Ignoring plugin channel in incoming REGISTER: mob_grinding_utils
[07:50:21] [Netty Epoll Server IO #1/WARN]: [ViaBackwards] Ignoring plugin channel in incoming REGISTER: twilightforest
[07:50:21] [Netty Epoll Server IO #1/WARN]: [ViaBackwards] Ignoring plugin channel in incoming REGISTER: ForgeMultipart
[07:50:21] [Netty Epoll Server IO #1/WARN]: [ViaBackwards] Ignoring plugin channel in incoming REGISTER: BiblioPaintPress
[07:50:21] [Netty Epoll Server IO #1/WARN]: [ViaBackwards] Ignoring plugin channel in incoming REGISTER: OE_CHAN
[07:50:21] [Netty Epoll Server IO #1/WARN]: [ViaBackwards] Ignoring plugin channel in incoming REGISTER: industrialforegoing
[07:50:21] [Netty Epoll Server IO #1/WARN]: [ViaBackwards] Ignoring plugin channel in incoming REGISTER: malisiscore
[07:50:21] [Netty Epoll Server IO #1/WARN]: [ViaBackwards] Ignoring plugin channel in incoming REGISTER: torchmaster
[07:50:21] [Netty Epoll Server IO #1/WARN]: [ViaBackwards] Ignoring plugin channel in incoming REGISTER: journeymap_channel
[07:50:21] [Netty Epoll Server IO #1/WARN]: [ViaBackwards] Ignoring plugin channel in incoming REGISTER: commoncapabilities
[07:50:21] [Netty Epoll Server IO #1/WARN]: [ViaBackwards] Ignoring plugin channel in incoming REGISTER: valkyrielib
[07:50:21] [Netty Epoll Server IO #1/WARN]: [ViaBackwards] Ignoring plugin channel in incoming REGISTER: ChiselsAndBits
[07:50:21] [Netty Epoll Server IO #1/WARN]: [ViaBackwards] Ignoring plugin channel in incoming REGISTER: BDSM_CHAN
[07:50:21] [Netty Epoll Server IO #1/WARN]: [ViaBackwards] Ignoring plugin channel in incoming REGISTER: BiblioPaneler
[07:50:21] [Netty Epoll Server IO #1/WARN]: [ViaBackwards] Ignoring plugin channel in incoming REGISTER: BiblioMCBPage
[07:50:21] [Netty Epoll Server IO #1/WARN]: [ViaBackwards] Ignoring plugin channel in incoming REGISTER: patchouli
[07:50:21] [Netty Epoll Server IO #1/WARN]: [ViaBackwards] Ignoring plugin channel in incoming REGISTER: gamestages
[07:50:21] [Netty Epoll Server IO #1/WARN]: [ViaBackwards] Ignoring plugin channel in incoming REGISTER: bdew.ae2stuff
[07:50:21] [Netty Epoll Server IO #1/WARN]: [ViaBackwards] Ignoring plugin channel in incoming REGISTER: BiblioPaintingC
[07:50:21] [Netty Epoll Server IO #1/WARN]: [ViaBackwards] Ignoring plugin channel in incoming REGISTER: parabox
[07:50:21] [Netty Epoll Server IO #1/WARN]: [ViaBackwards] Ignoring plugin channel in incoming REGISTER: teslacorelib
[07:50:21] [Netty Epoll Server IO #1/WARN]: [ViaBackwards] Ignoring plugin channel in incoming REGISTER: ceramics
[07:50:21] [Netty Epoll Server IO #1/WARN]: [ViaBackwards] Ignoring plugin channel in incoming REGISTER: integratedtunnels
[07:50:21] [Netty Epoll Server IO #1/WARN]: [ViaBackwards] Ignoring plugin channel in incoming REGISTER: elevatorid
[07:50:21] [Netty Epoll Server IO #1/WARN]: [ViaBackwards] Ignoring plugin channel in incoming REGISTER: lostcities
[07:50:21] [Netty Epoll Server IO #1/WARN]: [ViaBackwards] Ignoring plugin channel in incoming REGISTER: FML
[07:50:21] [Netty Epoll Server IO #1/WARN]: [ViaBackwards] Ignoring plugin channel in incoming REGISTER: tombstone
[07:50:21] [Netty Epoll Server IO #1/WARN]: [ViaBackwards] Ignoring plugin channel in incoming REGISTER: enderutilities
[07:50:21] [Netty Epoll Server IO #1/WARN]: [ViaBackwards] Ignoring plugin channel in incoming REGISTER: deepmoblearning
[07:50:21] [Netty Epoll Server IO #1/WARN]: [ViaBackwards] Ignoring plugin channel in incoming REGISTER: BiblioRBookLoad
[07:50:21] [Netty Epoll Server IO #1/WARN]: [ViaBackwards] Ignoring plugin channel in incoming REGISTER: CoFH
[07:50:21] [Netty Epoll Server IO #1/WARN]: [ViaBackwards] Ignoring plugin channel in incoming REGISTER: BiblioStockCompass
[07:50:21] [Netty Epoll Server IO #1/WARN]: [ViaBackwards] Ignoring plugin channel in incoming REGISTER: forgemultipartcbe
[07:50:21] [Netty Epoll Server IO #1/WARN]: [ViaBackwards] Ignoring plugin channel in incoming REGISTER: BiblioAtlasSWP
[07:50:21] [Netty Epoll Server IO #1/WARN]: [ViaBackwards] Ignoring plugin channel in incoming REGISTER: BiblioType
[07:50:21] [Netty Epoll Server IO #1/WARN]: [ViaBackwards] Ignoring plugin channel in incoming REGISTER: BiblioClock
[07:50:21] [Netty Epoll Server IO #1/WARN]: [ViaBackwards] Ignoring plugin channel in incoming REGISTER: CarryOn
[07:50:21] [Netty Epoll Server IO #1/WARN]: [ViaBackwards] Ignoring plugin channel in incoming REGISTER: tp
[07:50:21] [Netty Epoll Server IO #1/WARN]: [ViaBackwards] Ignoring plugin channel in incoming REGISTER: world_info
[07:50:21] [Netty Epoll Server IO #1/WARN]: [ViaBackwards] Ignoring plugin channel in incoming REGISTER: TGS2014
[07:50:21] [Netty Epoll Server IO #1/WARN]: [ViaBackwards] Ignoring plugin channel in incoming REGISTER: SKY_CHAN
[07:50:21] [Netty Epoll Server IO #1/WARN]: [ViaBackwards] Ignoring plugin channel in incoming REGISTER: CCL_INTERNAL
[07:50:21] [Netty Epoll Server IO #1/WARN]: [ViaBackwards] Ignoring plugin channel in incoming REGISTER: BiblioMeasure
[07:50:21] [Netty Epoll Server IO #1/WARN]: [ViaBackwards] Ignoring plugin channel in incoming REGISTER: inventorysorter
[07:50:21] [Netty Epoll Server IO #1/WARN]: [ViaBackwards] Ignoring plugin channel in incoming REGISTER: PrimitiveCrafting
[07:50:21] [Netty Epoll Server IO #1/WARN]: [ViaBackwards] Ignoring plugin channel in incoming REGISTER: extracells
[07:50:21] [Netty Epoll Server IO #1/WARN]: [ViaBackwards] Ignoring plugin channel in incoming REGISTER: genmputils
[07:50:21] [Netty Epoll Server IO #1/WARN]: [ViaBackwards] Ignoring plugin channel in incoming REGISTER: BiblioPainting
[07:50:21] [Netty Epoll Server IO #1/WARN]: [ViaBackwards] Ignoring plugin channel in incoming REGISTER: integratedtunnelscom
[07:50:21] [Netty Epoll Server IO #1/WARN]: [ViaBackwards] Ignoring plugin channel in incoming REGISTER: EnderCore
[07:50:21] [Netty Epoll Server IO #1/WARN]: [ViaBackwards] Ignoring plugin channel in incoming REGISTER: iChun_WorldPortals
[07:50:21] [Netty Epoll Server IO #1/WARN]: [ViaBackwards] Ignoring plugin channel in incoming REGISTER: cucumber
[07:50:21] [Netty Epoll Server IO #1/WARN]: [ViaBackwards] Ignoring plugin channel in incoming REGISTER: jm_dim_permission
[07:50:21] [Netty Epoll Server IO #1/WARN]: [ViaBackwards] Ignoring plugin channel in incoming REGISTER: pipemaster
[07:50:21] [Netty Epoll Server IO #1/WARN]: [ViaBackwards] Ignoring plugin channel in incoming REGISTER: supersoundmuffler
[07:50:21] [Netty Epoll Server IO #1/WARN]: [ViaBackwards] Ignoring plugin channel in incoming REGISTER: AE2
[07:50:21] [Netty Epoll Server IO #1/WARN]: [ViaBackwards] Ignoring plugin channel in incoming REGISTER: jei
[07:50:21] [Netty Epoll Server IO #1/WARN]: [ViaBackwards] Ignoring plugin channel in incoming REGISTER: simplegenerators
[07:50:21] [Netty Epoll Server IO #1/WARN]: [ViaBackwards] Ignoring plugin channel in incoming REGISTER: realfilingcabinet
[07:50:21] [Netty Epoll Server IO #1/WARN]: [ViaBackwards] Ignoring plugin channel in incoming REGISTER: yoyos
[07:50:21] [Netty Epoll Server IO #1/WARN]: [ViaBackwards] Ignoring plugin channel in incoming REGISTER: Sync
[07:50:21] [Netty Epoll Server IO #1/WARN]: [ViaBackwards] Ignoring plugin channel in incoming REGISTER: nuclearcraft
[07:50:21] [Netty Epoll Server IO #1/WARN]: [ViaBackwards] Ignoring plugin channel in incoming REGISTER: BiblioDrillText
[07:50:21] [Netty Epoll Server IO #1/WARN]: [ViaBackwards] Ignoring plugin channel in incoming REGISTER: storagenetwork
[07:50:21] [Netty Epoll Server IO #1/WARN]: [ViaBackwards] Ignoring plugin channel in incoming REGISTER: compactmachines3
[07:50:21] [Netty Epoll Server IO #1/WARN]: [ViaBackwards] Ignoring plugin channel in incoming REGISTER: aroma1997core
[07:50:21] [Netty Epoll Server IO #1/WARN]: [ViaBackwards] Ignoring plugin channel in incoming REGISTER: horsepower
[07:50:21] [Netty Epoll Server IO #1/WARN]: [ViaBackwards] Ignoring plugin channel in incoming REGISTER: farmingforblockheads
[07:50:21] [Netty Epoll Server IO #1/WARN]: [ViaBackwards] Ignoring plugin channel in incoming REGISTER: topography
[07:50:21] [Netty Epoll Server IO #1/WARN]: [ViaBackwards] Ignoring plugin channel in incoming REGISTER: BiblioStockTitle
[07:50:21] [Netty Epoll Server IO #1/WARN]: [ViaBackwards] Ignoring plugin channel in incoming REGISTER: clickmachine
[07:50:21] [Netty Epoll Server IO #1/WARN]: [ViaBackwards] Ignoring plugin channel in incoming REGISTER: BiblioAtlasWPT
[07:50:21] [Netty Epoll Server IO #1/WARN]: [ViaBackwards] Ignoring plugin channel in incoming REGISTER: prestige
[07:50:21] [Netty Epoll Server IO #1/WARN]: [ViaBackwards] Ignoring plugin channel in incoming REGISTER: vc
[07:50:21] [Netty Epoll Server IO #1/WARN]: [ViaBackwards] Ignoring plugin channel in incoming REGISTER: ES
[07:50:21] [Netty Epoll Server IO #1/WARN]: [ViaBackwards] Ignoring plugin channel in incoming REGISTER: walljump
[07:50:21] [Netty Epoll Server IO #1/WARN]: [ViaBackwards] Ignoring plugin channel in incoming REGISTER: bonsaitrees
[07:50:21] [Netty Epoll Server IO #1/WARN]: [ViaBackwards] Ignoring plugin channel in incoming REGISTER: ichunutil
[07:50:21] [Netty Epoll Server IO #1/WARN]: [ViaBackwards] Ignoring plugin channel in incoming REGISTER: compactstorage
[07:50:21] [Netty Epoll Server IO #1/WARN]: [ViaBackwards] Ignoring plugin channel in incoming REGISTER: MEK
[07:50:21] [Netty Epoll Server IO #1/WARN]: [ViaBackwards] Ignoring plugin channel in incoming REGISTER: crafttweaker
[07:50:21] [Netty Epoll Server IO #1/WARN]: [ViaBackwards] Ignoring plugin channel in incoming REGISTER: rftoolspower
[07:50:21] [Netty Epoll Server IO #1/WARN]: [ViaBackwards] Ignoring plugin channel in incoming REGISTER: FORGE
[07:50:21] [Netty Epoll Server IO #1/WARN]: [ViaBackwards] Ignoring plugin channel in incoming REGISTER: BiblioOpenBook
[07:50:21] [Netty Epoll Server IO #1/WARN]: [ViaBackwards] Ignoring plugin channel in incoming REGISTER: cyclicmagic
[07:50:21] [Netty Epoll Server IO #1/WARN]: [ViaBackwards] Ignoring plugin channel in incoming REGISTER: BiblioRecipeText
[07:50:21] [Netty Epoll Server IO #1/WARN]: [ViaBackwards] Ignoring plugin channel in incoming REGISTER: tconstruct
[07:50:21] [Netty Epoll Server IO #1/WARN]: [ViaBackwards] Ignoring plugin channel in incoming REGISTER: tcomplement
[07:50:21] [Netty Epoll Server IO #1/WARN]: [ViaBackwards] Ignoring plugin channel in incoming REGISTER: inspirations
[07:50:21] [Netty Epoll Server IO #1/WARN]: [ViaBackwards] Ignoring plugin channel in incoming REGISTER: baubles
[07:50:21] [Netty Epoll Server IO #1/WARN]: [ViaBackwards] Ignoring plugin channel in incoming REGISTER: jm_init_login
[07:50:21] [Netty Epoll Server IO #1/WARN]: [ViaBackwards] Ignoring plugin channel in incoming REGISTER: network
[07:50:21] [Netty Epoll Server IO #1/WARN]: [ViaBackwards] Ignoring plugin channel in incoming REGISTER: rustic
[07:50:21] [Netty Epoll Server IO #1/WARN]: [ViaBackwards] Ignoring plugin channel in incoming REGISTER: BiblioStockLog
[07:50:21] [Netty Epoll Server IO #1/WARN]: [ViaBackwards] Ignoring plugin channel in incoming REGISTER: BiblioRenderUpdate
[07:50:21] [Netty Epoll Server IO #1/WARN]: [ViaBackwards] Ignoring plugin channel in incoming REGISTER: BiblioAStand
[07:50:21] [Netty Epoll Server IO #1/WARN]: [ViaBackwards] Ignoring plugin channel in incoming REGISTER: BiblioTypeDelete
[07:50:21] [Netty Epoll Server IO #1/WARN]: [ViaBackwards] Ignoring plugin channel in incoming REGISTER: integrateddynamics
[07:50:21] [Netty Epoll Server IO #1/WARN]: [ViaBackwards] Ignoring plugin channel in incoming REGISTER: fastbench
[07:50:21] [Netty Epoll Server IO #1/WARN]: [ViaBackwards] Ignoring plugin channel in incoming REGISTER: worldutils
[07:50:21] [Netty Epoll Server IO #1/WARN]: [ViaBackwards] Ignoring plugin channel in incoming REGISTER: BiblioUpdateInv
[07:50:21] [Netty Epoll Server IO #1/WARN]: [ViaBackwards] Ignoring plugin channel in incoming REGISTER: fluxnetworks
[07:50:21] [Netty Epoll Server IO #1/WARN]: [ViaBackwards] Ignoring plugin channel in incoming REGISTER: statues
[07:50:21] [Netty Epoll Server IO #1/WARN]: [ViaBackwards] Ignoring plugin channel in incoming REGISTER: BiblioMapPin
[07:50:21] [Netty Epoll Server IO #1/WARN]: [ViaBackwards] Ignoring plugin channel in incoming REGISTER: BiblioMCBEdit
[07:50:21] [Netty Epoll Server IO #1/WARN]: [ViaBackwards] Ignoring plugin channel in incoming REGISTER: Sonar-Packets
[07:50:21] [Netty Epoll Server IO #1/WARN]: [ViaBackwards] Ignoring plugin channel in incoming REGISTER: pickletweaks
[07:50:21] [Netty Epoll Server IO #1/WARN]: [ViaBackwards] Ignoring plugin channel in incoming REGISTER: mo_channel
[07:50:21] [Netty Epoll Server IO #1/WARN]: [ViaBackwards] Ignoring plugin channel in incoming REGISTER: appleskin
[07:50:21] [Netty Epoll Server IO #1/WARN]: [ViaBackwards] Ignoring plugin channel in incoming REGISTER: chisel
[07:50:21] [Netty Epoll Server IO #1/WARN]: [ViaBackwards] Ignoring plugin channel in incoming REGISTER: BiblioAtlasTGUI
[07:50:21] [Netty Epoll Server IO #1/WARN]: [ViaBackwards] Ignoring plugin channel in incoming REGISTER: BiblioSign
[07:50:21] [Netty Epoll Server IO #1/WARN]: [ViaBackwards] Ignoring plugin channel in incoming REGISTER: practicallogistics2
[07:50:21] [Netty Epoll Server IO #1/WARN]: [ViaBackwards] Ignoring plugin channel in incoming REGISTER: translocators
[07:50:21] [Netty Epoll Server IO #1/WARN]: [ViaBackwards] Ignoring plugin channel in incoming REGISTER: base
[07:50:21] [Netty Epoll Server IO #1/WARN]: [ViaBackwards] Ignoring plugin channel in incoming REGISTER: integrateddynamicsco
[07:50:50] [Server thread/INFO]: Gspt lost connection: Disconnected
[07:50:50] [Server thread/INFO]: Gspt left the game
[13:16:18] [Server thread/INFO]: Stopping the server
[13:16:18] [Server thread/INFO]: Stopping server
[13:16:18] [Server thread/INFO]: [EssentialsSpawn] Disabling EssentialsSpawn v2.19.0
[13:16:18] [Server thread/INFO]: [Essentials] Disabling Essentials v2.19.0
[13:16:18] [Server thread/INFO]: [LuckPerms] Disabling LuckPerms v5.3.67
[13:16:18] [Server thread/INFO]: [LuckPerms] Starting shutdown process...
[13:16:18] [Server thread/INFO]: [LuckPerms] Closing storage...
[13:16:18] [Server thread/INFO]: [LuckPerms] Goodbye!
[13:16:18] [Server thread/INFO]: [ViaRewind] Disabling ViaRewind v2.0.1
[13:16:18] [Server thread/INFO]: [ViaBackwards] Disabling ViaBackwards v4.0.1
[13:16:18] [Server thread/INFO]: [ViaVersion] Disabling ViaVersion v4.0.1
[13:16:18] [Server thread/INFO]: [ViaVersion] ViaVersion is disabling, if this is a reload and you experience issues consider rebooting.
[13:16:18] [Server thread/INFO]: [AdvancedPortals] Disabling AdvancedPortals v0.8.0
[13:16:18] [Server thread/INFO]: Advanced portals are being disabled!
[13:16:18] [Server thread/INFO]: Saving players
[13:16:18] [Server thread/INFO]: Saving worlds
[13:16:18] [Server thread/INFO]: Saving chunks for level 'ServerLevel[world]'/minecraft:overworld
[13:16:19] [Server thread/INFO]: Saving chunks for level 'ServerLevel[world_the_end]'/minecraft:the_end
[13:16:19] [Server thread/INFO]: ThreadedAnvilChunkStorage (world): All chunks are saved
[13:16:19] [Server thread/INFO]: ThreadedAnvilChunkStorage (DIM1): All chunks are saved
[13:16:19] [Server thread/INFO]: ThreadedAnvilChunkStorage: All dimensions are saved
[13:16:19] [Server thread/INFO]: Flushing Chunk IO
[13:16:19] [Server thread/INFO]: Closing Thread Pool
[13:16:19] [Server thread/INFO]: Closing Server
